#
# A fatal error has been detected by the Java Runtime Environment:
#
#  EXCEPTION_ACCESS_VIOLATION (0xc0000005) at pc=0x00000000296d1066, pid=8484, tid=0x0000000000004608
#
# JRE version: OpenJDK Runtime Environment (8.0_275-b01) (build 1.8.0_275-b01)
# Java VM: OpenJDK 64-Bit Server VM (25.275-b01 mixed mode windows-amd64 compressed oops)
# Problematic frame:
# C  [OpenAL64.dll+0x11066]
#
# Failed to write core dump. Minidumps are not enabled by default on client versions of Windows
#
# If you would like to submit a bug report, please include
# instructions on how to reproduce the bug and visit:
#   http://bugreport.java.com/bugreport/crash.jsp
# The crash happened outside the Java Virtual Machine in native code.
# See problematic frame for where to report the bug.
#

---------------  T H R E A D  ---------------

Current thread (0x000000002103e800):  JavaThread "Thread-6" [_thread_in_native, id=17928, stack(0x0000000030d80000,0x0000000030e80000)]

siginfo: ExceptionCode=0xc0000005, reading address 0x00000000201ef004

Registers:
RAX=0x0000000000000004, RBX=0x0000000031310090, RCX=0x00000000201ef008, RDX=0x00000000201ef004
RSP=0x0000000030e7ebb0, RBP=0x00000000000000ff, RSI=0x00000000201edf1c, RDI=0x0000000000000000
R8 =0x000000000000043a, R9 =0x00000000201edf1c, R10=0x0000000002f289db, R11=0x0000000061d33780
R12=0x0000000000000001, R13=0x0000000031015c38, R14=0x0000000030e7ed48, R15=0x000000002103e800
RIP=0x00000000296d1066, EFLAGS=0x0000000000010202

Top of Stack: (sp=0x0000000030e7ebb0)
0x0000000030e7ebb0:   0000000000000000 0000000061bcc85b
0x0000000030e7ebc0:   000000002103e800 000000002103e800
0x0000000030e7ebd0:   0000000031015c38 0000000000000000
0x0000000030e7ebe0:   000000002103e800 00000000201ecca0
0x0000000030e7ebf0:   0000000031015c38 0000000030e7ed48
0x0000000030e7ec00:   000000002307b920 0000000061bbabe6
0x0000000030e7ec10:   0000000030e7f3b8 000000001e449fe0
0x0000000030e7ec20:   000000002103e800 0000000030e7ed48
0x0000000030e7ec30:   0000000031015c38 0000000000000000
0x0000000030e7ec40:   00000000201edf1c 00000006c4c85240
0x0000000030e7ec50:   0000000030e7ed10 00000000296d248f
0x0000000030e7ec60:   0000000031310090 0000000031310090
0x0000000030e7ec70:   000000000000ac44 0000000600000004
0x0000000030e7ec80:   0000000000000010 0000000002f28a07
0x0000000030e7ec90:   0000000031015c38 0000000002f2873d
0x0000000030e7eca0:   000000002103e800 0000000031015c38 

Instructions: (pc=0x00000000296d1066)
0x00000000296d1046:   41 2b ec 81 3a 03 00 02 00 75 09 8b 01 89 84 24
0x00000000296d1056:   c8 00 00 00 49 83 c0 02 48 83 c1 08 4a 8d 14 86
0x00000000296d1066:   39 3a 75 af 4c 8d 84 24 c0 00 00 00 48 8d 15 d7
0x00000000296d1076:   2b 03 00 33 c9 e8 58 5f 00 00 b8 40 1f 00 00 4c 


Register to memory mapping:

RAX=0x0000000000000004 is an unknown value
RBX=0x0000000031310090 is an unknown value
RCX=0x00000000201ef008 is an unknown value
RDX=0x00000000201ef004 is an unknown value
RSP=0x0000000030e7ebb0 is pointing into the stack for thread: 0x000000002103e800
RBP=0x00000000000000ff is an unknown value
RSI=0x00000000201edf1c is an unknown value
RDI=0x0000000000000000 is an unknown value
R8 =0x000000000000043a is an unknown value
R9 =0x00000000201edf1c is an unknown value
R10=0x0000000002f289db is at code_begin+891 in an Interpreter codelet
method entry point (kind = native)  [0x0000000002f28660, 0x0000000002f29040]  2528 bytes
R11=0x0000000061d33780 is an unknown value
R12=0x0000000000000001 is an unknown value
R13={method} {0x0000000031015c40} 'nalcCreateContext' '(JJ)J' in 'org/lwjgl/openal/ALC10'
R14=0x0000000030e7ed48 is pointing into the stack for thread: 0x000000002103e800
R15=0x000000002103e800 is a thread


Stack: [0x0000000030d80000,0x0000000030e80000],  sp=0x0000000030e7ebb0,  free space=1018k
Native frames: (J=compiled Java code, j=interpreted, Vv=VM code, C=native code)
C  [OpenAL64.dll+0x11066]
C  [OpenAL64.dll+0x1248f]
C  0x0000000002f28a07

Java frames: (J=compiled Java code, j=interpreted, Vv=VM code)
j  org.lwjgl.openal.ALC10.nalcCreateContext(JJ)J+0
j  org.lwjgl.openal.ALC10.alcCreateContext(Lorg/lwjgl/openal/ALCdevice;Ljava/nio/IntBuffer;)Lorg/lwjgl/openal/ALCcontext;+8
j  org.lwjgl.openal.AL.init(Ljava/lang/String;IIZZ)V+69
j  org.lwjgl.openal.AL.create(Ljava/lang/String;IIZZ)V+246
j  org.lwjgl.openal.AL.create(Ljava/lang/String;IIZ)V+5
j  org.lwjgl.openal.AL.create()V+6
j  paulscode.sound.libraries.LibraryLWJGLOpenAL.init()V+2
j  paulscode.sound.SoundSystem.CommandNewLibrary(Ljava/lang/Class;)V+260
j  paulscode.sound.SoundSystem.CommandQueue(Lpaulscode/sound/CommandObject;)Z+1206
j  paulscode.sound.CommandThread.run()V+51
v  ~StubRoutines::call_stub

---------------  P R O C E S S  ---------------

Java Threads: ( => current thread )
  0x00000000225ee800 JavaThread "Thread-7" [_thread_blocked, id=1844, stack(0x0000000030e80000,0x0000000030f80000)]
=>0x000000002103e800 JavaThread "Thread-6" [_thread_in_native, id=17928, stack(0x0000000030d80000,0x0000000030e80000)]
  0x0000000022bf4000 JavaThread "Sound Library Loader" [_thread_blocked, id=16852, stack(0x00000000295c0000,0x00000000296c0000)]
  0x00000000206aa800 JavaThread "Keep-Alive-Timer" daemon [_thread_blocked, id=13284, stack(0x00000000288a0000,0x00000000289a0000)]
  0x000000001e4af800 JavaThread "Java2D Disposer" daemon [_thread_blocked, id=12828, stack(0x0000000024840000,0x0000000024940000)]
  0x0000000023905000 JavaThread "Timer hack thread" daemon [_thread_blocked, id=1572, stack(0x0000000024740000,0x0000000024840000)]
  0x000000002098b800 JavaThread "Snooper Timer" daemon [_thread_blocked, id=5404, stack(0x0000000021f30000,0x0000000022030000)]
  0x0000000020782800 JavaThread "Snooper Timer" daemon [_thread_blocked, id=12308, stack(0x0000000021bf0000,0x0000000021cf0000)]
  0x000000001e437000 JavaThread "Service Thread" daemon [_thread_blocked, id=6668, stack(0x000000001fce0000,0x000000001fde0000)]
  0x000000001e413800 JavaThread "C1 CompilerThread3" daemon [_thread_blocked, id=9544, stack(0x000000001fbe0000,0x000000001fce0000)]
  0x000000001e410800 JavaThread "C2 CompilerThread2" daemon [_thread_blocked, id=20052, stack(0x000000001fae0000,0x000000001fbe0000)]
  0x000000001e410000 JavaThread "C2 CompilerThread1" daemon [_thread_blocked, id=9288, stack(0x000000001f9e0000,0x000000001fae0000)]
  0x000000001e40c000 JavaThread "C2 CompilerThread0" daemon [_thread_blocked, id=6796, stack(0x000000001f8e0000,0x000000001f9e0000)]
  0x000000001e381000 JavaThread "Monitor Ctrl-Break" daemon [_thread_in_native, id=11828, stack(0x000000001f7e0000,0x000000001f8e0000)]
  0x000000001ca89000 JavaThread "Attach Listener" daemon [_thread_blocked, id=21312, stack(0x000000001f6e0000,0x000000001f7e0000)]
  0x000000001ca88800 JavaThread "Signal Dispatcher" daemon [_thread_blocked, id=14688, stack(0x000000001f5e0000,0x000000001f6e0000)]
  0x0000000002f0d800 JavaThread "Finalizer" daemon [_thread_blocked, id=11948, stack(0x000000001f3b0000,0x000000001f4b0000)]
  0x000000001e153000 JavaThread "Reference Handler" daemon [_thread_blocked, id=12508, stack(0x000000001f2b0000,0x000000001f3b0000)]
  0x0000000002e14000 JavaThread "Client thread" [_thread_in_native, id=10652, stack(0x0000000002a10000,0x0000000002b10000)]

Other Threads:
  0x000000001ca77000 VMThread [stack: 0x000000001f1b0000,0x000000001f2b0000] [id=11444]
  0x000000001e43a000 WatcherThread [stack: 0x000000001fde0000,0x000000001fee0000] [id=17468]

VM state:not at safepoint (normal execution)

VM Mutex/Monitor currently owned by a thread: None

heap address: 0x00000006c2e00000, size: 4050 MB, Compressed Oops mode: Zero based, Oop shift amount: 3
Narrow klass base: 0x0000000000000000, Narrow klass shift: 3
Compressed class space size: 1073741824 Address: 0x00000007c0000000

Heap:
 PSYoungGen      total 210432K, used 83355K [0x000000076ba00000, 0x000000077e700000, 0x00000007c0000000)
  eden space 188928K, 44% used [0x000000076ba00000,0x0000000770b66e58,0x0000000777280000)
  from space 21504K, 0% used [0x000000077d200000,0x000000077d200000,0x000000077e700000)
  to   space 28672K, 0% used [0x000000077af00000,0x000000077af00000,0x000000077cb00000)
 ParOldGen       total 327168K, used 113964K [0x00000006c2e00000, 0x00000006d6d80000, 0x000000076ba00000)
  object space 327168K, 34% used [0x00000006c2e00000,0x00000006c9d4b230,0x00000006d6d80000)
 Metaspace       used 22977K, capacity 23195K, committed 23680K, reserved 1071104K
  class space    used 2769K, capacity 2854K, committed 2944K, reserved 1048576K

Card table byte_map: [0x00000000122d0000,0x0000000012ac0000] byte_map_base: 0x000000000ecb9000

Marking Bits: (ParMarkBitMap*) 0x000000006235a830
 Begin Bits: [0x0000000013a10000, 0x0000000017958000)
 End Bits:   [0x0000000017958000, 0x000000001b8a0000)

Polling page: 0x0000000000ba0000

CodeCache: size=245760Kb used=7743Kb max_used=7749Kb free=238016Kb
 bounds [0x0000000002f10000, 0x00000000036b0000, 0x0000000011f10000]
 total_blobs=2705 nmethods=2080 adapters=537
 compilation: enabled

Compilation events (10 events):
Event: 8.726 Thread 0x000000001e413800 2085       3       java.net.URLClassLoader$2::run (16 bytes)
Event: 8.726 Thread 0x000000001e40c000 nmethod 2083 0x0000000003698c10 code [0x0000000003698d60, 0x0000000003698f48]
Event: 8.726 Thread 0x000000001e413800 nmethod 2085 0x0000000003695390 code [0x0000000003695500, 0x00000000036956c8]
Event: 8.726 Thread 0x000000001e410000 2086       4       java.net.URLStreamHandler::setURL (73 bytes)
Event: 8.735 Thread 0x000000001e410000 nmethod 2086 0x00000000036a26d0 code [0x00000000036a2860, 0x00000000036a3278]
Event: 8.745 Thread 0x000000001e410800 nmethod 2082 0x00000000036a6490 code [0x00000000036a6680, 0x00000000036a7810]
Event: 8.774 Thread 0x000000001e413800 2087       1       java.util.concurrent.atomic.AtomicLong::get (5 bytes)
Event: 8.774 Thread 0x000000001e413800 nmethod 2087 0x000000000369fa90 code [0x000000000369fbe0, 0x000000000369fcf0]
Event: 8.781 Thread 0x000000001e413800 2088   !   3       sun.misc.URLClassPath::check (123 bytes)
Event: 8.781 Thread 0x000000001e413800 nmethod 2088 0x00000000036a0790 code [0x00000000036a0a00, 0x00000000036a1ee8]

GC Heap History (10 events):
Event: 3.254 GC heap before
{Heap before GC invocations=4 (full 0):
 PSYoungGen      total 75776K, used 75776K [0x000000076ba00000, 0x0000000774e00000, 0x00000007c0000000)
  eden space 65024K, 100% used [0x000000076ba00000,0x000000076f980000,0x000000076f980000)
  from space 10752K, 100% used [0x000000076f980000,0x0000000770400000,0x0000000770400000)
  to   space 10752K, 0% used [0x0000000774380000,0x0000000774380000,0x0000000774e00000)
 ParOldGen       total 173568K, used 12696K [0x00000006c2e00000, 0x00000006cd780000, 0x000000076ba00000)
  object space 173568K, 7% used [0x00000006c2e00000,0x00000006c3a66040,0x00000006cd780000)
 Metaspace       used 14629K, capacity 14884K, committed 15232K, reserved 1062912K
  class space    used 1762K, capacity 1824K, committed 1920K, reserved 1048576K
Event: 3.261 GC heap after
Heap after GC invocations=4 (full 0):
 PSYoungGen      total 140800K, used 10736K [0x000000076ba00000, 0x0000000774e00000, 0x00000007c0000000)
  eden space 130048K, 0% used [0x000000076ba00000,0x000000076ba00000,0x0000000773900000)
  from space 10752K, 99% used [0x0000000774380000,0x0000000774dfc010,0x0000000774e00000)
  to   space 10752K, 0% used [0x0000000773900000,0x0000000773900000,0x0000000774380000)
 ParOldGen       total 173568K, used 17576K [0x00000006c2e00000, 0x00000006cd780000, 0x000000076ba00000)
  object space 173568K, 10% used [0x00000006c2e00000,0x00000006c3f2a130,0x00000006cd780000)
 Metaspace       used 14629K, capacity 14884K, committed 15232K, reserved 1062912K
  class space    used 1762K, capacity 1824K, committed 1920K, reserved 1048576K
}
Event: 6.701 GC heap before
{Heap before GC invocations=5 (full 0):
 PSYoungGen      total 140800K, used 124895K [0x000000076ba00000, 0x0000000774e00000, 0x00000007c0000000)
  eden space 130048K, 87% used [0x000000076ba00000,0x000000077297bf38,0x0000000773900000)
  from space 10752K, 99% used [0x0000000774380000,0x0000000774dfc010,0x0000000774e00000)
  to   space 10752K, 0% used [0x0000000773900000,0x0000000773900000,0x0000000774380000)
 ParOldGen       total 173568K, used 17576K [0x00000006c2e00000, 0x00000006cd780000, 0x000000076ba00000)
  object space 173568K, 10% used [0x00000006c2e00000,0x00000006c3f2a130,0x00000006cd780000)
 Metaspace       used 20869K, capacity 21041K, committed 21296K, reserved 1069056K
  class space    used 2544K, capacity 2627K, committed 2688K, reserved 1048576K
Event: 6.713 GC heap after
Heap after GC invocations=5 (full 0):
 PSYoungGen      total 140800K, used 10752K [0x000000076ba00000, 0x000000077ec00000, 0x00000007c0000000)
  eden space 130048K, 0% used [0x000000076ba00000,0x000000076ba00000,0x0000000773900000)
  from space 10752K, 100% used [0x0000000773900000,0x0000000774380000,0x0000000774380000)
  to   space 26624K, 0% used [0x000000077d200000,0x000000077d200000,0x000000077ec00000)
 ParOldGen       total 173568K, used 32334K [0x00000006c2e00000, 0x00000006cd780000, 0x000000076ba00000)
  object space 173568K, 18% used [0x00000006c2e00000,0x00000006c4d93b00,0x00000006cd780000)
 Metaspace       used 20869K, capacity 21041K, committed 21296K, reserved 1069056K
  class space    used 2544K, capacity 2627K, committed 2688K, reserved 1048576K
}
Event: 6.713 GC heap before
{Heap before GC invocations=6 (full 1):
 PSYoungGen      total 140800K, used 10752K [0x000000076ba00000, 0x000000077ec00000, 0x00000007c0000000)
  eden space 130048K, 0% used [0x000000076ba00000,0x000000076ba00000,0x0000000773900000)
  from space 10752K, 100% used [0x0000000773900000,0x0000000774380000,0x0000000774380000)
  to   space 26624K, 0% used [0x000000077d200000,0x000000077d200000,0x000000077ec00000)
 ParOldGen       total 173568K, used 32334K [0x00000006c2e00000, 0x00000006cd780000, 0x000000076ba00000)
  object space 173568K, 18% used [0x00000006c2e00000,0x00000006c4d93b00,0x00000006cd780000)
 Metaspace       used 20869K, capacity 21041K, committed 21296K, reserved 1069056K
  class space    used 2544K, capacity 2627K, committed 2688K, reserved 1048576K
Event: 6.889 GC heap after
Heap after GC invocations=6 (full 1):
 PSYoungGen      total 140800K, used 0K [0x000000076ba00000, 0x000000077ec00000, 0x00000007c0000000)
  eden space 130048K, 0% used [0x000000076ba00000,0x000000076ba00000,0x0000000773900000)
  from space 10752K, 0% used [0x0000000773900000,0x0000000773900000,0x0000000774380000)
  to   space 26624K, 0% used [0x000000077d200000,0x000000077d200000,0x000000077ec00000)
 ParOldGen       total 156672K, used 40654K [0x00000006c2e00000, 0x00000006cc700000, 0x000000076ba00000)
  object space 156672K, 25% used [0x00000006c2e00000,0x00000006c55b3bc0,0x00000006cc700000)
 Metaspace       used 20869K, capacity 21041K, committed 21296K, reserved 1069056K
  class space    used 2544K, capacity 2627K, committed 2688K, reserved 1048576K
}
Event: 7.978 GC heap before
{Heap before GC invocations=7 (full 1):
 PSYoungGen      total 140800K, used 130048K [0x000000076ba00000, 0x000000077ec00000, 0x00000007c0000000)
  eden space 130048K, 100% used [0x000000076ba00000,0x0000000773900000,0x0000000773900000)
  from space 10752K, 0% used [0x0000000773900000,0x0000000773900000,0x0000000774380000)
  to   space 26624K, 0% used [0x000000077d200000,0x000000077d200000,0x000000077ec00000)
 ParOldGen       total 156672K, used 40654K [0x00000006c2e00000, 0x00000006cc700000, 0x000000076ba00000)
  object space 156672K, 25% used [0x00000006c2e00000,0x00000006c55b3bc0,0x00000006cc700000)
 Metaspace       used 22226K, capacity 22459K, committed 22704K, reserved 1069056K
  class space    used 2695K, capacity 2758K, committed 2816K, reserved 1048576K
Event: 7.999 GC heap after
Heap after GC invocations=7 (full 1):
 PSYoungGen      total 210432K, used 21408K [0x000000076ba00000, 0x000000077e700000, 0x00000007c0000000)
  eden space 188928K, 0% used [0x000000076ba00000,0x000000076ba00000,0x0000000777280000)
  from space 21504K, 99% used [0x000000077d200000,0x000000077e6e8068,0x000000077e700000)
  to   space 28672K, 0% used [0x000000077af00000,0x000000077af00000,0x000000077cb00000)
 ParOldGen       total 156672K, used 128329K [0x00000006c2e00000, 0x00000006cc700000, 0x000000076ba00000)
  object space 156672K, 81% used [0x00000006c2e00000,0x00000006cab527b8,0x00000006cc700000)
 Metaspace       used 22226K, capacity 22459K, committed 22704K, reserved 1069056K
  class space    used 2695K, capacity 2758K, committed 2816K, reserved 1048576K
}
Event: 7.999 GC heap before
{Heap before GC invocations=8 (full 2):
 PSYoungGen      total 210432K, used 21408K [0x000000076ba00000, 0x000000077e700000, 0x00000007c0000000)
  eden space 188928K, 0% used [0x000000076ba00000,0x000000076ba00000,0x0000000777280000)
  from space 21504K, 99% used [0x000000077d200000,0x000000077e6e8068,0x000000077e700000)
  to   space 28672K, 0% used [0x000000077af00000,0x000000077af00000,0x000000077cb00000)
 ParOldGen       total 156672K, used 128329K [0x00000006c2e00000, 0x00000006cc700000, 0x000000076ba00000)
  object space 156672K, 81% used [0x00000006c2e00000,0x00000006cab527b8,0x00000006cc700000)
 Metaspace       used 22226K, capacity 22459K, committed 22704K, reserved 1069056K
  class space    used 2695K, capacity 2758K, committed 2816K, reserved 1048576K
Event: 8.024 GC heap after
Heap after GC invocations=8 (full 2):
 PSYoungGen      total 210432K, used 0K [0x000000076ba00000, 0x000000077e700000, 0x00000007c0000000)
  eden space 188928K, 0% used [0x000000076ba00000,0x000000076ba00000,0x0000000777280000)
  from space 21504K, 0% used [0x000000077d200000,0x000000077d200000,0x000000077e700000)
  to   space 28672K, 0% used [0x000000077af00000,0x000000077af00000,0x000000077cb00000)
 ParOldGen       total 327168K, used 113964K [0x00000006c2e00000, 0x00000006d6d80000, 0x000000076ba00000)
  object space 327168K, 34% used [0x00000006c2e00000,0x00000006c9d4b230,0x00000006d6d80000)
 Metaspace       used 22226K, capacity 22459K, committed 22704K, reserved 1069056K
  class space    used 2695K, capacity 2758K, committed 2816K, reserved 1048576K
}

Deoptimization events (10 events):
Event: 7.489 Thread 0x0000000002e14000 Uncommon trap: reason=class_check action=maybe_recompile pc=0x0000000003420ed0 method=com.google.common.collect.Iterators$8.transform(Ljava/lang/Object;)Ljava/lang/Object; @ 5
Event: 7.489 Thread 0x0000000002e14000 Uncommon trap: reason=bimorphic action=maybe_recompile pc=0x00000000033e9908 method=com.google.common.collect.TransformedIterator.hasNext()Z @ 4
Event: 7.536 Thread 0x0000000002e14000 Uncommon trap: reason=unstable_if action=reinterpret pc=0x000000000320cab8 method=com.google.gson.stream.JsonReader.nextNonWhitespace(Z)I @ 61
Event: 7.536 Thread 0x0000000002e14000 Uncommon trap: reason=unstable_if action=reinterpret pc=0x000000000321b144 method=com.google.gson.stream.JsonReader.nextQuotedValue(C)Ljava/lang/String; @ 81
Event: 7.932 Thread 0x0000000002e14000 Uncommon trap: reason=unstable_if action=reinterpret pc=0x00000000035f8a8c method=java.awt.image.BufferedImage.getRGB(IIII[III)[I @ 163
Event: 7.948 Thread 0x0000000002e14000 Uncommon trap: reason=unstable_if action=reinterpret pc=0x00000000035fe184 method=javax.imageio.stream.MemoryCache.loadFromStream(Ljava/io/InputStream;J)J @ 6
Event: 8.508 Thread 0x0000000002e14000 Uncommon trap: reason=unstable_if action=reinterpret pc=0x000000000348bd0c method=java.util.regex.Pattern$BmpCharProperty.match(Ljava/util/regex/Matcher;ILjava/lang/CharSequence;)Z @ 5
Event: 8.524 Thread 0x0000000002e14000 Uncommon trap: reason=unstable_if action=reinterpret pc=0x00000000035a1514 method=sun.nio.cs.UTF_8$Decoder.decodeArrayLoop(Ljava/nio/ByteBuffer;Ljava/nio/CharBuffer;)Ljava/nio/charset/CoderResult; @ 110
Event: 8.525 Thread 0x0000000002e14000 Uncommon trap: reason=unstable_if action=reinterpret pc=0x00000000035cc48c method=com.google.gson.internal.LinkedTreeMap.find(Ljava/lang/Object;Z)Lcom/google/gson/internal/LinkedTreeMap$Node; @ 114
Event: 8.536 Thread 0x0000000002e14000 Uncommon trap: reason=unstable_if action=reinterpret pc=0x00000000035a930c method=sun.nio.cs.UTF_8$Decoder.decodeArrayLoop(Ljava/nio/ByteBuffer;Ljava/nio/CharBuffer;)Ljava/nio/charset/CoderResult; @ 110

Classes redefined (0 events):
No events

Internal exceptions (10 events):
Event: 6.999 Thread 0x0000000002e14000 Implicit null exception at 0x0000000003173fd6 to 0x0000000003174381
Event: 7.342 Thread 0x0000000002e14000 Implicit null exception at 0x000000000338732c to 0x0000000003387362
Event: 7.345 Thread 0x0000000002e14000 Exception <a 'java/lang/UnsatisfiedLinkError': Die angegebene Prozedur wurde nicht gefunden.
> (0x000000076c2ac4c0) thrown at [C:\wsjdk\Corretto8Src\installers\windows\zip\corretto-build\buildRoot\src\hotspot\src\share\vm\prims\jni.cpp, line 738]
Event: 8.730 Thread 0x000000002103e800 Exception <a 'java/lang/InterruptedException': sleep interrupted> (0x000000077098e978) thrown at [C:\wsjdk\Corretto8Src\installers\windows\zip\corretto-build\buildRoot\src\hotspot\src\share\vm\prims\jvm.cpp, line 3361]
Event: 8.737 Thread 0x000000002103e800 Exception <a 'java/security/PrivilegedActionException'> (0x0000000770a07b38) thrown at [C:\wsjdk\Corretto8Src\installers\windows\zip\corretto-build\buildRoot\src\hotspot\src\share\vm\prims\jvm.cpp, line 1522]
Event: 8.737 Thread 0x000000002103e800 Exception <a 'java/security/PrivilegedActionException'> (0x0000000770a09648) thrown at [C:\wsjdk\Corretto8Src\installers\windows\zip\corretto-build\buildRoot\src\hotspot\src\share\vm\prims\jvm.cpp, line 1522]
Event: 8.737 Thread 0x000000002103e800 Exception <a 'java/security/PrivilegedActionException'> (0x0000000770a0a768) thrown at [C:\wsjdk\Corretto8Src\installers\windows\zip\corretto-build\buildRoot\src\hotspot\src\share\vm\prims\jvm.cpp, line 1522]
Event: 8.737 Thread 0x000000002103e800 Exception <a 'java/security/PrivilegedActionException'> (0x0000000770a0fc78) thrown at [C:\wsjdk\Corretto8Src\installers\windows\zip\corretto-build\buildRoot\src\hotspot\src\share\vm\prims\jvm.cpp, line 1522]
Event: 8.737 Thread 0x000000002103e800 Exception <a 'java/security/PrivilegedActionException'> (0x0000000770a108d0) thrown at [C:\wsjdk\Corretto8Src\installers\windows\zip\corretto-build\buildRoot\src\hotspot\src\share\vm\prims\jvm.cpp, line 1522]
Event: 8.737 Thread 0x000000002103e800 Exception <a 'java/security/PrivilegedActionException'> (0x0000000770a114f8) thrown at [C:\wsjdk\Corretto8Src\installers\windows\zip\corretto-build\buildRoot\src\hotspot\src\share\vm\prims\jvm.cpp, line 1522]

Events (10 events):
Event: 8.743 loading class org/lwjgl/openal/ALC10
Event: 8.743 loading class org/lwjgl/openal/ALC10 done
Event: 8.797 loading class org/lwjgl/openal/ALCdevice
Event: 8.797 loading class org/lwjgl/openal/ALCdevice done
Event: 8.797 loading class org/lwjgl/openal/ALCcontext
Event: 8.797 loading class org/lwjgl/openal/ALCcontext done
Event: 8.797 loading class org/lwjgl/openal/Util
Event: 8.797 loading class org/lwjgl/openal/Util done
Event: 8.798 loading class org/lwjgl/openal/OpenALException
Event: 8.798 loading class org/lwjgl/openal/OpenALException done


Dynamic libraries:
0x00007ff71c8b0000 - 0x00007ff71c8e5000 	C:\Users\Gaming\.jdks\corretto-1.8.0_275\jre\bin\java.exe
0x00007ffaa2330000 - 0x00007ffaa2525000 	C:\WINDOWS\SYSTEM32\ntdll.dll
0x00007ffaa0e70000 - 0x00007ffaa0f2d000 	C:\WINDOWS\System32\KERNEL32.DLL
0x00007ffa9fc50000 - 0x00007ffa9ff18000 	C:\WINDOWS\System32\KERNELBASE.dll
0x00007ffaa0440000 - 0x00007ffaa04ec000 	C:\WINDOWS\System32\ADVAPI32.dll
0x00007ffaa0640000 - 0x00007ffaa06de000 	C:\WINDOWS\System32\msvcrt.dll
0x00007ffaa13b0000 - 0x00007ffaa144b000 	C:\WINDOWS\System32\sechost.dll
0x00007ffaa17b0000 - 0x00007ffaa18db000 	C:\WINDOWS\System32\RPCRT4.dll
0x00007ffaa0cd0000 - 0x00007ffaa0e70000 	C:\WINDOWS\System32\USER32.dll
0x00007ffaa0260000 - 0x00007ffaa0282000 	C:\WINDOWS\System32\win32u.dll
0x00007ffaa0ca0000 - 0x00007ffaa0cca000 	C:\WINDOWS\System32\GDI32.dll
0x00007ffaa0100000 - 0x00007ffaa020b000 	C:\WINDOWS\System32\gdi32full.dll
0x00007ffa9fad0000 - 0x00007ffa9fb6d000 	C:\WINDOWS\System32\msvcp_win.dll
0x00007ffaa0290000 - 0x00007ffaa0390000 	C:\WINDOWS\System32\ucrtbase.dll
0x00007ffa86a80000 - 0x00007ffa86d1a000 	C:\WINDOWS\WinSxS\amd64_microsoft.windows.common-controls_6595b64144ccf1df_6.0.19041.844_none_ca00b6081b84eb1d\COMCTL32.dll
0x00007ffaa22c0000 - 0x00007ffaa22f0000 	C:\WINDOWS\System32\IMM32.DLL
0x00000000623e0000 - 0x00000000624b2000 	C:\Users\Gaming\.jdks\corretto-1.8.0_275\jre\bin\msvcr100.dll
0x0000000061b20000 - 0x00000000623dc000 	C:\Users\Gaming\.jdks\corretto-1.8.0_275\jre\bin\server\jvm.dll
0x00007ffaa22b0000 - 0x00007ffaa22b8000 	C:\WINDOWS\System32\PSAPI.DLL
0x00007ffa94910000 - 0x00007ffa94937000 	C:\WINDOWS\SYSTEM32\WINMM.dll
0x00007ffa98960000 - 0x00007ffa98969000 	C:\WINDOWS\SYSTEM32\WSOCK32.dll
0x00007ffa94f80000 - 0x00007ffa94f8a000 	C:\WINDOWS\SYSTEM32\VERSION.dll
0x00007ffaa1340000 - 0x00007ffaa13ab000 	C:\WINDOWS\System32\WS2_32.dll
0x00007ffa9b590000 - 0x00007ffa9b59f000 	C:\Users\Gaming\.jdks\corretto-1.8.0_275\jre\bin\verify.dll
0x00007ffa9b560000 - 0x00007ffa9b589000 	C:\Users\Gaming\.jdks\corretto-1.8.0_275\jre\bin\java.dll
0x00007ffa9b4a0000 - 0x00007ffa9b4c3000 	C:\Users\Gaming\.jdks\corretto-1.8.0_275\jre\bin\instrument.dll
0x00007ffa9b540000 - 0x00007ffa9b556000 	C:\Users\Gaming\.jdks\corretto-1.8.0_275\jre\bin\zip.dll
0x00007ffaa19a0000 - 0x00007ffaa20e2000 	C:\WINDOWS\System32\SHELL32.dll
0x00007ffa9db90000 - 0x00007ffa9e321000 	C:\WINDOWS\SYSTEM32\windows.storage.dll
0x00007ffaa1450000 - 0x00007ffaa17a5000 	C:\WINDOWS\System32\combase.dll
0x00007ffa9f4e0000 - 0x00007ffa9f50c000 	C:\WINDOWS\SYSTEM32\Wldp.dll
0x00007ffaa0bf0000 - 0x00007ffaa0c9e000 	C:\WINDOWS\System32\SHCORE.dll
0x00007ffaa05e0000 - 0x00007ffaa0635000 	C:\WINDOWS\System32\shlwapi.dll
0x00007ffa9f9b0000 - 0x00007ffa9f9cf000 	C:\WINDOWS\SYSTEM32\profapi.dll
0x00007ffa9b480000 - 0x00007ffa9b49a000 	C:\Program Files\JetBrains\IntelliJ IDEA Community Edition 2020.3\bin\breakgen64.dll
0x00007ffa9b520000 - 0x00007ffa9b53b000 	C:\Users\Gaming\.jdks\corretto-1.8.0_275\jre\bin\net.dll
0x00007ffa9f250000 - 0x00007ffa9f2ba000 	C:\WINDOWS\system32\mswsock.dll
0x00007ffa9b510000 - 0x00007ffa9b51d000 	C:\Users\Gaming\.jdks\corretto-1.8.0_275\jre\bin\management.dll
0x00007ffa9b4e0000 - 0x00007ffa9b4f2000 	C:\Users\Gaming\.jdks\corretto-1.8.0_275\jre\bin\nio.dll
0x00007ffa78d80000 - 0x00007ffa78d97000 	C:\WINDOWS\system32\napinsp.dll
0x00007ffa78d60000 - 0x00007ffa78d7b000 	C:\WINDOWS\system32\pnrpnsp.dll
0x00007ffa9a680000 - 0x00007ffa9a695000 	C:\WINDOWS\system32\wshbth.dll
0x00007ffa9b110000 - 0x00007ffa9b12d000 	C:\WINDOWS\system32\NLAapi.dll
0x00007ffa9eef0000 - 0x00007ffa9ef2b000 	C:\WINDOWS\SYSTEM32\IPHLPAPI.DLL
0x00007ffa9ef30000 - 0x00007ffa9effc000 	C:\WINDOWS\SYSTEM32\DNSAPI.dll
0x00007ffaa20f0000 - 0x00007ffaa20f8000 	C:\WINDOWS\System32\NSI.dll
0x00007ffa78d40000 - 0x00007ffa78d52000 	C:\WINDOWS\System32\winrnr.dll
0x00007ffa84820000 - 0x00007ffa8482a000 	C:\Windows\System32\rasadhlp.dll
0x00007ffa81bb0000 - 0x00007ffa81c2f000 	C:\WINDOWS\System32\fwpuclnt.dll
0x00007ffa9fb70000 - 0x00007ffa9fb97000 	C:\WINDOWS\System32\bcrypt.dll
0x0000000180000000 - 0x0000000180053000 	C:\Users\Gaming\Desktop\Client2\jars\versions\1.8.8\1.8.8-natives\lwjgl64.dll
0x00007ffa66de0000 - 0x00007ffa66f06000 	C:\WINDOWS\SYSTEM32\OPENGL32.dll
0x00007ffa66d70000 - 0x00007ffa66d9c000 	C:\WINDOWS\SYSTEM32\GLU32.dll
0x00007ffa9f420000 - 0x00007ffa9f438000 	C:\WINDOWS\SYSTEM32\CRYPTSP.dll
0x00007ffa9eb80000 - 0x00007ffa9ebb4000 	C:\WINDOWS\system32\rsaenh.dll
0x00007ffa9f970000 - 0x00007ffa9f99e000 	C:\WINDOWS\SYSTEM32\USERENV.dll
0x00007ffa9ff20000 - 0x00007ffa9ffa0000 	C:\WINDOWS\System32\bcryptprimitives.dll
0x00007ffa9f440000 - 0x00007ffa9f44c000 	C:\WINDOWS\SYSTEM32\CRYPTBASE.dll
0x00007ffa975d0000 - 0x00007ffa975e7000 	C:\WINDOWS\SYSTEM32\dhcpcsvc6.DLL
0x00007ffa98580000 - 0x00007ffa9859d000 	C:\WINDOWS\SYSTEM32\dhcpcsvc.DLL
0x00007ffa444f0000 - 0x00007ffa44688000 	C:\Users\Gaming\.jdks\corretto-1.8.0_275\jre\bin\awt.dll
0x00007ffaa1060000 - 0x00007ffaa112d000 	C:\WINDOWS\System32\OLEAUT32.dll
0x00007ffa9cf80000 - 0x00007ffa9d010000 	C:\WINDOWS\SYSTEM32\apphelp.dll
0x00007ffa99390000 - 0x00007ffa9943e000 	C:\WINDOWS\SYSTEM32\mscms.dll
0x00007ffa99040000 - 0x00007ffa99051000 	C:\WINDOWS\SYSTEM32\ColorAdapterClient.dll
0x00007ffa9e340000 - 0x00007ffa9e352000 	C:\WINDOWS\SYSTEM32\kernel.appcore.dll
0x00007ffa9d070000 - 0x00007ffa9d10e000 	C:\WINDOWS\system32\uxtheme.dll
0x00007ffaa1130000 - 0x00007ffaa1245000 	C:\WINDOWS\System32\MSCTF.dll
0x00007ffa57fb0000 - 0x00007ffa580ac000 	C:\ProgramData\A-Volute\A-Volute.Nahimic\Modules\Scheduled\x64\A-Volute.NahimicDevProps2.dll
0x00007ffaa0f30000 - 0x00007ffaa105a000 	C:\WINDOWS\System32\ole32.dll
0x00007ffa92c20000 - 0x00007ffa92d19000 	C:\WINDOWS\SYSTEM32\textinputframework.dll
0x00007ffa9c9f0000 - 0x00007ffa9cd4e000 	C:\WINDOWS\System32\CoreUIComponents.dll
0x00007ffa9cd50000 - 0x00007ffa9ce42000 	C:\WINDOWS\System32\CoreMessaging.dll
0x00007ffa9e7b0000 - 0x00007ffa9e7e3000 	C:\WINDOWS\SYSTEM32\ntmarta.dll
0x00007ffa9b5b0000 - 0x00007ffa9b704000 	C:\WINDOWS\SYSTEM32\wintypes.dll
0x00007ffa3f2f0000 - 0x00007ffa41ccc000 	C:\WINDOWS\System32\DriverStore\FileRepository\nvmii.inf_amd64_ee85d4fa20ec2948\nvoglv64.dll
0x00007ffaa0700000 - 0x00007ffaa0b69000 	C:\WINDOWS\System32\SETUPAPI.dll
0x00007ffaa0210000 - 0x00007ffaa025e000 	C:\WINDOWS\System32\cfgmgr32.dll
0x00007ffa9a6d0000 - 0x00007ffa9a6e4000 	C:\WINDOWS\SYSTEM32\WTSAPI32.dll
0x00007ffa9f660000 - 0x00007ffa9f672000 	C:\WINDOWS\SYSTEM32\msasn1.dll
0x00007ffa94df0000 - 0x00007ffa94e21000 	C:\WINDOWS\SYSTEM32\cryptnet.dll
0x00007ffa9ffa0000 - 0x00007ffaa00ff000 	C:\WINDOWS\System32\CRYPT32.dll
0x00007ffa9f820000 - 0x00007ffa9f84c000 	C:\WINDOWS\System32\DEVOBJ.dll
0x00007ffa9fa70000 - 0x00007ffa9fad0000 	C:\WINDOWS\System32\WINTRUST.dll
0x00007ffa94f40000 - 0x00007ffa94f7b000 	C:\WINDOWS\SYSTEM32\dxcore.dll
0x00007ffa51d60000 - 0x00007ffa52019000 	C:\WINDOWS\system32\nvspcap64.dll
0x00007ffa9d320000 - 0x00007ffa9d34f000 	C:\WINDOWS\SYSTEM32\dwmapi.dll
0x00007ffa652c0000 - 0x00007ffa65303000 	C:\WINDOWS\SYSTEM32\icm32.dll
0x00007ffa9f060000 - 0x00007ffa9f0ab000 	C:\WINDOWS\SYSTEM32\powrprof.dll
0x00007ffa9eed0000 - 0x00007ffa9eee2000 	C:\WINDOWS\SYSTEM32\UMPDC.dll
0x00007ffa9e860000 - 0x00007ffa9e8ba000 	C:\WINDOWS\SYSTEM32\WINSTA.dll
0x00007ffa7d530000 - 0x00007ffa7d572000 	C:\Users\Gaming\AppData\Local\Temp\jna-2125602895\jna4272842725104357100.dll
0x0000000070a40000 - 0x0000000070adc000 	C:\Users\Gaming\Desktop\Client2\jars\versions\1.8.8\1.8.8-natives\avutil-ttv-51.dll
0x0000000065980000 - 0x00000000659d6000 	C:\Users\Gaming\Desktop\Client2\jars\versions\1.8.8\1.8.8-natives\swresample-ttv-0.dll
0x000000006eb80000 - 0x000000006ec50000 	C:\Users\Gaming\Desktop\Client2\jars\versions\1.8.8\1.8.8-natives\libmp3lame-ttv.dll
0x00007ffa43140000 - 0x00007ffa444e4000 	C:\Users\Gaming\Desktop\Client2\jars\versions\1.8.8\1.8.8-natives\libmfxsw64.dll
0x00007ffa4c370000 - 0x00007ffa4c4dd000 	C:\Users\Gaming\Desktop\Client2\jars\versions\1.8.8\1.8.8-natives\twitchsdk.dll
0x00007ffa85b80000 - 0x00007ffa8605d000 	C:\WINDOWS\SYSTEM32\WININET.dll
0x00000000296c0000 - 0x0000000029724000 	C:\Users\Gaming\Desktop\Client2\jars\versions\1.8.8\1.8.8-natives\OpenAL64.dll
0x00007ffa938c0000 - 0x00007ffa93945000 	C:\WINDOWS\System32\MMDevApi.dll
0x00007ffa82850000 - 0x00007ffa829d1000 	C:\WINDOWS\SYSTEM32\AudioSes.dll
0x00007ffa5a060000 - 0x00007ffa5a0c5000 	C:\ProgramData\A-Volute\A-Volute.Nahimic\Modules\Scheduled\x64\ProductInfo.dll
0x00007ffa84e20000 - 0x00007ffa84e63000 	C:\ProgramData\A-Volute\A-Volute.Nahimic\Modules\Scheduled\x64\ASM.Plugin.AudioDevProps2.dll
0x00007ffa9b010000 - 0x00007ffa9b107000 	C:\WINDOWS\SYSTEM32\PropSys.dll
0x00007ffa28500000 - 0x00007ffa2859c000 	C:\WINDOWS\SYSTEM32\dsound.dll
0x00007ffa81c30000 - 0x00007ffa81c56000 	C:\WINDOWS\SYSTEM32\winmmbase.dll
0x00007ffa9d8b0000 - 0x00007ffa9da94000 	C:\WINDOWS\SYSTEM32\dbghelp.dll

VM Arguments:
jvm_args: -Djava.library.path=versions/1.8.8/1.8.8-natives -javaagent:C:\Program Files\JetBrains\IntelliJ IDEA Community Edition 2020.3\lib\idea_rt.jar=52142:C:\Program Files\JetBrains\IntelliJ IDEA Community Edition 2020.3\bin -Dfile.encoding=UTF-8 
java_command: Start
java_class_path (initial): C:\Users\Gaming\.jdks\corretto-1.8.0_275\jre\lib\charsets.jar;C:\Users\Gaming\.jdks\corretto-1.8.0_275\jre\lib\ext\access-bridge-64.jar;C:\Users\Gaming\.jdks\corretto-1.8.0_275\jre\lib\ext\cldrdata.jar;C:\Users\Gaming\.jdks\corretto-1.8.0_275\jre\lib\ext\dnsns.jar;C:\Users\Gaming\.jdks\corretto-1.8.0_275\jre\lib\ext\jaccess.jar;C:\Users\Gaming\.jdks\corretto-1.8.0_275\jre\lib\ext\jfxrt.jar;C:\Users\Gaming\.jdks\corretto-1.8.0_275\jre\lib\ext\localedata.jar;C:\Users\Gaming\.jdks\corretto-1.8.0_275\jre\lib\ext\nashorn.jar;C:\Users\Gaming\.jdks\corretto-1.8.0_275\jre\lib\ext\sunec.jar;C:\Users\Gaming\.jdks\corretto-1.8.0_275\jre\lib\ext\sunjce_provider.jar;C:\Users\Gaming\.jdks\corretto-1.8.0_275\jre\lib\ext\sunmscapi.jar;C:\Users\Gaming\.jdks\corretto-1.8.0_275\jre\lib\ext\sunpkcs11.jar;C:\Users\Gaming\.jdks\corretto-1.8.0_275\jre\lib\ext\zipfs.jar;C:\Users\Gaming\.jdks\corretto-1.8.0_275\jre\lib\jce.jar;C:\Users\Gaming\.jdks\corretto-1.8.0_275\jre\lib\jfr.jar;C:\Users\Gaming\.jdks\corretto-1.8.0_275\jre\lib\jfxswt.jar;C:\Users\Gaming\.jdks\corretto-1.8.0_275\jre\lib\jsse.jar;C:\Users\Gaming\.jdks\corretto-1.8.0_275\jre\lib\management-agent.jar;C:\Users\Gaming\.jdks\corretto-1.8.0_275\jre\lib\resources.jar;C:\Users\Gaming\.jdks\corretto-1.8.0_275\jre\lib\rt.jar;C:\Users\Gaming\Desktop\Client2\eclipse\Client\bin;C:\Users\Gaming\Desktop\Client2\lib\authlib-1.5.21.jar;C:\Users\Gaming\Desktop\Client2\lib\codecjorbis-20101023.jar;C:\Users\Gaming\Desktop\Client2\lib\codecwav-20101023.jar;C:\Users\Gaming\Desktop\Client2\lib\commons-codec-1.9.jar;C:\Users\Gaming\Desktop\Client2\lib\commons-compress-1.8.1.jar;C:\Users\Gaming\Desktop\Client2\lib\commons-io-2.4.jar;C:\Users\Gaming\Desktop\Client2\lib\commons-lang3-3.3.2.jar;C:\Users\Gaming\Desktop\Client2\lib\commons-logging-1.1.3.jar;C:\Users\Gaming\Desktop\Client2\lib\discord-rpc.jar;C:\Users\Gaming\Desktop\Client2\lib\gson-2.2.4.jar;C:\Users\Gaming\Desktop\Client2\lib\guava-17.0.jar;C:\Users\Gamin
Launcher Type: SUN_STANDARD

Environment Variables:
PATH=C:\Program Files (x86)\Common Files\Oracle\Java\javapath;C:\Windows\system32;C:\Windows;C:\Windows\System32\Wbem;C:\Windows\System32\WindowsPowerShell\v1.0\;C:\Windows\System32\OpenSSH\;C:\Program Files (x86)\NVIDIA Corporation\PhysX\Common;C:\Program Files\NVIDIA Corporation\NVIDIA NvDLISR;C:\WINDOWS\system32;C:\WINDOWS;C:\WINDOWS\System32\Wbem;C:\WINDOWS\System32\WindowsPowerShell\v1.0\;C:\WINDOWS\System32\OpenSSH\;C:\Program Files\dotnet\;C:\Program Files\Microsoft SQL Server\130\Tools\Binn\;C:\Program Files\Microsoft SQL Server\Client SDK\ODBC\170\Tools\Binn\;C:\Program Files\Git\cmd;C:\Program Files\PuTTY\;C:\Program Files\nodejs\;C:\Users\Gaming\AppData\Local\Programs\Python\Python39\Scripts\;C:\Users\Gaming\AppData\Local\Programs\Python\Python39\;C:\Users\Gaming\AppData\Local\Microsoft\WindowsApps;C:\Program Files\JetBrains\IntelliJ IDEA Community Edition 2020.3\bin;;C:\Users\Gaming\.dotnet\tools;C:\Program Files (x86)\Nmap;C:\Users\Gaming\AppData\Roaming\npm;C:\Users\Gaming\AppData\Local\GitHubDesktop\bin;
USERNAME=Gaming
OS=Windows_NT
PROCESSOR_IDENTIFIER=Intel64 Family 6 Model 165 Stepping 2, GenuineIntel



---------------  S Y S T E M  ---------------

OS: Windows 10.0 , 64 bit Build 19041 (10.0.19041.928)

CPU:total 12 (initial active 12) (6 cores per cpu, 2 threads per core) family 6 model 165 stepping 2, cmov, cx8, fxsr, mmx, sse, sse2, sse3, ssse3, sse4.1, sse4.2, popcnt, avx, avx2, aes, clmul, erms, 3dnowpref, lzcnt, ht, tsc, tscinvbit, bmi1, bmi2, adx

Memory: 4k page, physical 16587416k(7956492k free), swap 34413208k(20595676k free)

vm_info: OpenJDK 64-Bit Server VM (25.275-b01) for windows-amd64 JRE (1.8.0_275-b01), built on Nov  5 2020 05:17:06 by "Administrator" with MS VC++ 10.0 (VS2010)

time: Thu May 13 14:56:03 2021
timezone: Mitteleuropäische Sommerzeit
elapsed time: 8.817962 seconds (0d 0h 0m 8s)

